<?xml version="1.0" encoding="UTF-8"?>
<testng-results skipped="0" failed="0" ignored="0" total="1" passed="1">
  <reporter-output>
  </reporter-output>
  <suite name="Web Suite" duration-ms="24170" started-at="2022-01-10T01:50:15 TRT" finished-at="2022-01-10T01:50:39 TRT">
    <groups>
    </groups>
    <test name="QATestCase" duration-ms="24170" started-at="2022-01-10T01:50:15 TRT" finished-at="2022-01-10T01:50:39 TRT">
      <class name="tests.test">
        <test-method status="PASS" signature="beforeSuite()[pri:0, instance:tests.test@631330c]" name="beforeSuite" is-config="true" duration-ms="65" started-at="2022-01-10T01:50:15 TRT" finished-at="2022-01-10T01:50:15 TRT">
          <reporter-output>
          </reporter-output>
        </test-method> <!-- beforeSuite -->
        <test-method status="PASS" signature="Setup()[pri:0, instance:tests.test@631330c]" name="Setup" is-config="true" duration-ms="1532" started-at="2022-01-10T01:50:15 TRT" finished-at="2022-01-10T01:50:17 TRT">
          <reporter-output>
          </reporter-output>
        </test-method> <!-- Setup -->
        <test-method status="PASS" signature="beforeMethod(java.lang.reflect.Method)[pri:0, instance:tests.test@631330c]" name="beforeMethod" is-config="true" duration-ms="6" started-at="2022-01-10T01:50:17 TRT" finished-at="2022-01-10T01:50:17 TRT">
          <params>
            <param index="0">
              <value>
                <![CDATA[public void tests.test.SearchProductAndDetail()]]>
              </value>
            </param>
          </params>
          <reporter-output>
          </reporter-output>
        </test-method> <!-- beforeMethod -->
        <test-method status="PASS" signature="SearchProductAndDetail()[pri:0, instance:tests.test@631330c]" name="SearchProductAndDetail" duration-ms="21939" started-at="2022-01-10T01:50:17 TRT" finished-at="2022-01-10T01:50:39 TRT">
          <reporter-output>
          </reporter-output>
        </test-method> <!-- SearchProductAndDetail -->
        <test-method status="PASS" signature="AfterClass()[pri:0, instance:tests.test@631330c]" name="AfterClass" is-config="true" duration-ms="674" started-at="2022-01-10T01:50:39 TRT" finished-at="2022-01-10T01:50:39 TRT">
          <reporter-output>
          </reporter-output>
        </test-method> <!-- AfterClass -->
        <test-method status="PASS" signature="tearDown(org.testng.ITestResult)[pri:0, instance:tests.test@631330c]" name="tearDown" is-config="true" duration-ms="0" started-at="2022-01-10T01:50:39 TRT" finished-at="2022-01-10T01:50:39 TRT">
          <params>
            <param index="0">
              <value>
                <![CDATA[[TestResult name=SearchProductAndDetail status=SUCCESS method=test.SearchProductAndDetail()[pri:0, instance:tests.test@631330c] output={null}]]]>
              </value>
            </param>
          </params>
          <reporter-output>
          </reporter-output>
        </test-method> <!-- tearDown -->
        <test-method status="PASS" signature="afterSuite()[pri:0, instance:tests.test@631330c]" name="afterSuite" is-config="true" duration-ms="173" started-at="2022-01-10T01:50:39 TRT" finished-at="2022-01-10T01:50:40 TRT">
          <reporter-output>
          </reporter-output>
        </test-method> <!-- afterSuite -->
      </class> <!-- tests.test -->
    </test> <!-- QATestCase -->
  </suite> <!-- Web Suite -->
</testng-results>
